<?xml version="1.0" encoding="UTF-8"?>
<testng-results skipped="0" failed="0" total="1" passed="1">
  <reporter-output>
  </reporter-output>
  <suite name="Default suite" duration-ms="167432" started-at="2015-02-23T05:33:30Z" finished-at="2015-02-23T05:36:17Z">
    <groups>
    </groups>
    <test name="Default test" duration-ms="167432" started-at="2015-02-23T05:33:30Z" finished-at="2015-02-23T05:36:17Z">
      <class name="com.migme.android.AndroidDriverScript">
        <test-method status="PASS" signature="main()[pri:0, instance:com.migme.android.AndroidDriverScript@97e1986]" name="main" duration-ms="167416" started-at="2015-02-23T13:33:30Z" finished-at="2015-02-23T13:36:17Z">
          <reporter-output>
          </reporter-output>
        </test-method> <!-- main -->
        <test-method status="PASS" signature="tearDown()[pri:0, instance:com.migme.android.AndroidDriverScript@97e1986]" name="tearDown" is-config="true" duration-ms="1" started-at="2015-02-23T13:36:17Z" finished-at="2015-02-23T13:36:17Z">
          <reporter-output>
          </reporter-output>
        </test-method> <!-- tearDown -->
      </class> <!-- com.migme.android.AndroidDriverScript -->
    </test> <!-- Default test -->
  </suite> <!-- Default suite -->
</testng-results>
